<?xml version="1.0" encoding="UTF-8"?>
<testsuite xmlns:xsi="http://www.w3.org/2001/XMLSchema-instance" xsi:noNamespaceSchemaLocation="https://maven.apache.org/surefire/maven-surefire-plugin/xsd/surefire-test-report-3.0.xsd" version="3.0" name="io.paketo.demo.DemoApplicationTests" time="2.246" tests="1" errors="0" skipped="0" failures="0">
  <properties>
    <property name="java.specification.version" value="17"/>
    <property name="sun.jnu.encoding" value="UTF-8"/>
    <property name="java.class.path" value="/Users/abdeljaouedkhelil/workspace/redhat/go/src/hack/shipwright-example/build-633/cnb-sample-java/target/test-classes:/Users/abdeljaouedkhelil/workspace/redhat/go/src/hack/shipwright-example/build-633/cnb-sample-java/target/classes:/Users/abdeljaouedkhelil/.m2/repository/org/springframework/boot/spring-boot-starter-actuator/3.1.2/spring-boot-starter-actuator-3.1.2.jar:/Users/abdeljaouedkhelil/.m2/repository/org/springframework/boot/spring-boot-starter/3.1.2/spring-boot-starter-3.1.2.jar:/Users/abdeljaouedkhelil/.m2/repository/org/springframework/boot/spring-boot/3.1.2/spring-boot-3.1.2.jar:/Users/abdeljaouedkhelil/.m2/repository/org/springframework/spring-context/6.0.11/spring-context-6.0.11.jar:/Users/abdeljaouedkhelil/.m2/repository/org/springframework/spring-aop/6.0.11/spring-aop-6.0.11.jar:/Users/abdeljaouedkhelil/.m2/repository/org/springframework/spring-expression/6.0.11/spring-expression-6.0.11.jar:/Users/abdeljaouedkhelil/.m2/repository/org/springframework/boot/spring-boot-autoconfigure/3.1.2/spring-boot-autoconfigure-3.1.2.jar:/Users/abdeljaouedkhelil/.m2/repository/org/springframework/boot/spring-boot-starter-logging/3.1.2/spring-boot-starter-logging-3.1.2.jar:/Users/abdeljaouedkhelil/.m2/repository/ch/qos/logback/logback-classic/1.4.8/logback-classic-1.4.8.jar:/Users/abdeljaouedkhelil/.m2/repository/ch/qos/logback/logback-core/1.4.8/logback-core-1.4.8.jar:/Users/abdeljaouedkhelil/.m2/repository/org/apache/logging/log4j/log4j-to-slf4j/2.20.0/log4j-to-slf4j-2.20.0.jar:/Users/abdeljaouedkhelil/.m2/repository/org/apache/logging/log4j/log4j-api/2.20.0/log4j-api-2.20.0.jar:/Users/abdeljaouedkhelil/.m2/repository/org/slf4j/jul-to-slf4j/2.0.7/jul-to-slf4j-2.0.7.jar:/Users/abdeljaouedkhelil/.m2/repository/jakarta/annotation/jakarta.annotation-api/2.1.1/jakarta.annotation-api-2.1.1.jar:/Users/abdeljaouedkhelil/.m2/repository/org/yaml/snakeyaml/1.33/snakeyaml-1.33.jar:/Users/abdeljaouedkhelil/.m2/repository/org/springframework/boot/spring-boot-actuator-autoconfigure/3.1.2/spring-boot-actuator-autoconfigure-3.1.2.jar:/Users/abdeljaouedkhelil/.m2/repository/org/springframework/boot/spring-boot-actuator/3.1.2/spring-boot-actuator-3.1.2.jar:/Users/abdeljaouedkhelil/.m2/repository/com/fasterxml/jackson/core/jackson-databind/2.15.2/jackson-databind-2.15.2.jar:/Users/abdeljaouedkhelil/.m2/repository/com/fasterxml/jackson/core/jackson-annotations/2.15.2/jackson-annotations-2.15.2.jar:/Users/abdeljaouedkhelil/.m2/repository/com/fasterxml/jackson/core/jackson-core/2.15.2/jackson-core-2.15.2.jar:/Users/abdeljaouedkhelil/.m2/repository/com/fasterxml/jackson/datatype/jackson-datatype-jsr310/2.15.2/jackson-datatype-jsr310-2.15.2.jar:/Users/abdeljaouedkhelil/.m2/repository/io/micrometer/micrometer-observation/1.11.2/micrometer-observation-1.11.2.jar:/Users/abdeljaouedkhelil/.m2/repository/io/micrometer/micrometer-commons/1.11.2/micrometer-commons-1.11.2.jar:/Users/abdeljaouedkhelil/.m2/repository/io/micrometer/micrometer-core/1.11.2/micrometer-core-1.11.2.jar:/Users/abdeljaouedkhelil/.m2/repository/org/hdrhistogram/HdrHistogram/2.1.12/HdrHistogram-2.1.12.jar:/Users/abdeljaouedkhelil/.m2/repository/org/latencyutils/LatencyUtils/2.0.3/LatencyUtils-2.0.3.jar:/Users/abdeljaouedkhelil/.m2/repository/org/springframework/boot/spring-boot-starter-webflux/3.1.2/spring-boot-starter-webflux-3.1.2.jar:/Users/abdeljaouedkhelil/.m2/repository/org/springframework/boot/spring-boot-starter-json/3.1.2/spring-boot-starter-json-3.1.2.jar:/Users/abdeljaouedkhelil/.m2/repository/com/fasterxml/jackson/datatype/jackson-datatype-jdk8/2.15.2/jackson-datatype-jdk8-2.15.2.jar:/Users/abdeljaouedkhelil/.m2/repository/com/fasterxml/jackson/module/jackson-module-parameter-names/2.15.2/jackson-module-parameter-names-2.15.2.jar:/Users/abdeljaouedkhelil/.m2/repository/org/springframework/boot/spring-boot-starter-reactor-netty/3.1.2/spring-boot-starter-reactor-netty-3.1.2.jar:/Users/abdeljaouedkhelil/.m2/repository/io/projectreactor/netty/reactor-netty-http/1.1.9/reactor-netty-http-1.1.9.jar:/Users/abdeljaouedkhelil/.m2/repository/io/netty/netty-codec-http/4.1.94.Final/netty-codec-http-4.1.94.Final.jar:/Users/abdeljaouedkhelil/.m2/repository/io/netty/netty-common/4.1.94.Final/netty-common-4.1.94.Final.jar:/Users/abdeljaouedkhelil/.m2/repository/io/netty/netty-buffer/4.1.94.Final/netty-buffer-4.1.94.Final.jar:/Users/abdeljaouedkhelil/.m2/repository/io/netty/netty-transport/4.1.94.Final/netty-transport-4.1.94.Final.jar:/Users/abdeljaouedkhelil/.m2/repository/io/netty/netty-codec/4.1.94.Final/netty-codec-4.1.94.Final.jar:/Users/abdeljaouedkhelil/.m2/repository/io/netty/netty-handler/4.1.94.Final/netty-handler-4.1.94.Final.jar:/Users/abdeljaouedkhelil/.m2/repository/io/netty/netty-codec-http2/4.1.94.Final/netty-codec-http2-4.1.94.Final.jar:/Users/abdeljaouedkhelil/.m2/repository/io/netty/netty-resolver-dns/4.1.94.Final/netty-resolver-dns-4.1.94.Final.jar:/Users/abdeljaouedkhelil/.m2/repository/io/netty/netty-resolver/4.1.94.Final/netty-resolver-4.1.94.Final.jar:/Users/abdeljaouedkhelil/.m2/repository/io/netty/netty-codec-dns/4.1.94.Final/netty-codec-dns-4.1.94.Final.jar:/Users/abdeljaouedkhelil/.m2/repository/io/netty/netty-resolver-dns-native-macos/4.1.94.Final/netty-resolver-dns-native-macos-4.1.94.Final-osx-x86_64.jar:/Users/abdeljaouedkhelil/.m2/repository/io/netty/netty-resolver-dns-classes-macos/4.1.94.Final/netty-resolver-dns-classes-macos-4.1.94.Final.jar:/Users/abdeljaouedkhelil/.m2/repository/io/netty/netty-transport-native-epoll/4.1.94.Final/netty-transport-native-epoll-4.1.94.Final-linux-x86_64.jar:/Users/abdeljaouedkhelil/.m2/repository/io/netty/netty-transport-native-unix-common/4.1.94.Final/netty-transport-native-unix-common-4.1.94.Final.jar:/Users/abdeljaouedkhelil/.m2/repository/io/netty/netty-transport-classes-epoll/4.1.94.Final/netty-transport-classes-epoll-4.1.94.Final.jar:/Users/abdeljaouedkhelil/.m2/repository/io/projectreactor/netty/reactor-netty-core/1.1.9/reactor-netty-core-1.1.9.jar:/Users/abdeljaouedkhelil/.m2/repository/io/netty/netty-handler-proxy/4.1.94.Final/netty-handler-proxy-4.1.94.Final.jar:/Users/abdeljaouedkhelil/.m2/repository/io/netty/netty-codec-socks/4.1.94.Final/netty-codec-socks-4.1.94.Final.jar:/Users/abdeljaouedkhelil/.m2/repository/org/springframework/spring-web/6.0.11/spring-web-6.0.11.jar:/Users/abdeljaouedkhelil/.m2/repository/org/springframework/spring-beans/6.0.11/spring-beans-6.0.11.jar:/Users/abdeljaouedkhelil/.m2/repository/org/springframework/spring-webflux/6.0.11/spring-webflux-6.0.11.jar:/Users/abdeljaouedkhelil/.m2/repository/org/springframework/boot/spring-boot-starter-test/3.1.2/spring-boot-starter-test-3.1.2.jar:/Users/abdeljaouedkhelil/.m2/repository/org/springframework/boot/spring-boot-test/3.1.2/spring-boot-test-3.1.2.jar:/Users/abdeljaouedkhelil/.m2/repository/org/springframework/boot/spring-boot-test-autoconfigure/3.1.2/spring-boot-test-autoconfigure-3.1.2.jar:/Users/abdeljaouedkhelil/.m2/repository/com/jayway/jsonpath/json-path/2.8.0/json-path-2.8.0.jar:/Users/abdeljaouedkhelil/.m2/repository/org/slf4j/slf4j-api/2.0.7/slf4j-api-2.0.7.jar:/Users/abdeljaouedkhelil/.m2/repository/jakarta/xml/bind/jakarta.xml.bind-api/4.0.0/jakarta.xml.bind-api-4.0.0.jar:/Users/abdeljaouedkhelil/.m2/repository/jakarta/activation/jakarta.activation-api/2.1.2/jakarta.activation-api-2.1.2.jar:/Users/abdeljaouedkhelil/.m2/repository/net/minidev/json-smart/2.4.11/json-smart-2.4.11.jar:/Users/abdeljaouedkhelil/.m2/repository/net/minidev/accessors-smart/2.4.11/accessors-smart-2.4.11.jar:/Users/abdeljaouedkhelil/.m2/repository/org/ow2/asm/asm/9.3/asm-9.3.jar:/Users/abdeljaouedkhelil/.m2/repository/org/assertj/assertj-core/3.24.2/assertj-core-3.24.2.jar:/Users/abdeljaouedkhelil/.m2/repository/net/bytebuddy/byte-buddy/1.14.5/byte-buddy-1.14.5.jar:/Users/abdeljaouedkhelil/.m2/repository/org/hamcrest/hamcrest/2.2/hamcrest-2.2.jar:/Users/abdeljaouedkhelil/.m2/repository/org/junit/jupiter/junit-jupiter/5.9.3/junit-jupiter-5.9.3.jar:/Users/abdeljaouedkhelil/.m2/repository/org/junit/jupiter/junit-jupiter-api/5.9.3/junit-jupiter-api-5.9.3.jar:/Users/abdeljaouedkhelil/.m2/repository/org/opentest4j/opentest4j/1.2.0/opentest4j-1.2.0.jar:/Users/abdeljaouedkhelil/.m2/repository/org/junit/platform/junit-platform-commons/1.9.3/junit-platform-commons-1.9.3.jar:/Users/abdeljaouedkhelil/.m2/repository/org/apiguardian/apiguardian-api/1.1.2/apiguardian-api-1.1.2.jar:/Users/abdeljaouedkhelil/.m2/repository/org/junit/jupiter/junit-jupiter-params/5.9.3/junit-jupiter-params-5.9.3.jar:/Users/abdeljaouedkhelil/.m2/repository/org/junit/jupiter/junit-jupiter-engine/5.9.3/junit-jupiter-engine-5.9.3.jar:/Users/abdeljaouedkhelil/.m2/repository/org/junit/platform/junit-platform-engine/1.9.3/junit-platform-engine-1.9.3.jar:/Users/abdeljaouedkhelil/.m2/repository/org/mockito/mockito-core/5.3.1/mockito-core-5.3.1.jar:/Users/abdeljaouedkhelil/.m2/repository/net/bytebuddy/byte-buddy-agent/1.14.5/byte-buddy-agent-1.14.5.jar:/Users/abdeljaouedkhelil/.m2/repository/org/objenesis/objenesis/3.3/objenesis-3.3.jar:/Users/abdeljaouedkhelil/.m2/repository/org/mockito/mockito-junit-jupiter/5.3.1/mockito-junit-jupiter-5.3.1.jar:/Users/abdeljaouedkhelil/.m2/repository/org/skyscreamer/jsonassert/1.5.1/jsonassert-1.5.1.jar:/Users/abdeljaouedkhelil/.m2/repository/com/vaadin/external/google/android-json/0.0.20131108.vaadin1/android-json-0.0.20131108.vaadin1.jar:/Users/abdeljaouedkhelil/.m2/repository/org/springframework/spring-core/6.0.11/spring-core-6.0.11.jar:/Users/abdeljaouedkhelil/.m2/repository/org/springframework/spring-jcl/6.0.11/spring-jcl-6.0.11.jar:/Users/abdeljaouedkhelil/.m2/repository/org/springframework/spring-test/6.0.11/spring-test-6.0.11.jar:/Users/abdeljaouedkhelil/.m2/repository/org/xmlunit/xmlunit-core/2.9.1/xmlunit-core-2.9.1.jar:/Users/abdeljaouedkhelil/.m2/repository/io/projectreactor/reactor-test/3.5.8/reactor-test-3.5.8.jar:/Users/abdeljaouedkhelil/.m2/repository/io/projectreactor/reactor-core/3.5.8/reactor-core-3.5.8.jar:/Users/abdeljaouedkhelil/.m2/repository/org/reactivestreams/reactive-streams/1.0.4/reactive-streams-1.0.4.jar:"/>
    <property name="java.vm.vendor" value="Oracle Corporation"/>
    <property name="sun.arch.data.model" value="64"/>
    <property name="java.vendor.url" value="https://java.oracle.com/"/>
    <property name="user.timezone" value="Europe/Paris"/>
    <property name="os.name" value="Mac OS X"/>
    <property name="java.vm.specification.version" value="17"/>
    <property name="sun.java.launcher" value="SUN_STANDARD"/>
    <property name="user.country" value="FR"/>
    <property name="sun.boot.library.path" value="/Library/Java/JavaVirtualMachines/jdk-17.jdk/Contents/Home/lib"/>
    <property name="sun.java.command" value="/Users/abdeljaouedkhelil/workspace/redhat/go/src/hack/shipwright-example/build-633/cnb-sample-java/target/surefire/surefirebooter-20230929091526746_3.jar /Users/abdeljaouedkhelil/workspace/redhat/go/src/hack/shipwright-example/build-633/cnb-sample-java/target/surefire 2023-09-29T09-15-26_624-jvmRun1 surefire-20230929091526746_1tmp surefire_0-20230929091526746_2tmp"/>
    <property name="http.nonProxyHosts" value="local|*.local|169.254/16|*.169.254/16"/>
    <property name="jdk.debug" value="release"/>
    <property name="surefire.test.class.path" value="/Users/abdeljaouedkhelil/workspace/redhat/go/src/hack/shipwright-example/build-633/cnb-sample-java/target/test-classes:/Users/abdeljaouedkhelil/workspace/redhat/go/src/hack/shipwright-example/build-633/cnb-sample-java/target/classes:/Users/abdeljaouedkhelil/.m2/repository/org/springframework/boot/spring-boot-starter-actuator/3.1.2/spring-boot-starter-actuator-3.1.2.jar:/Users/abdeljaouedkhelil/.m2/repository/org/springframework/boot/spring-boot-starter/3.1.2/spring-boot-starter-3.1.2.jar:/Users/abdeljaouedkhelil/.m2/repository/org/springframework/boot/spring-boot/3.1.2/spring-boot-3.1.2.jar:/Users/abdeljaouedkhelil/.m2/repository/org/springframework/spring-context/6.0.11/spring-context-6.0.11.jar:/Users/abdeljaouedkhelil/.m2/repository/org/springframework/spring-aop/6.0.11/spring-aop-6.0.11.jar:/Users/abdeljaouedkhelil/.m2/repository/org/springframework/spring-expression/6.0.11/spring-expression-6.0.11.jar:/Users/abdeljaouedkhelil/.m2/repository/org/springframework/boot/spring-boot-autoconfigure/3.1.2/spring-boot-autoconfigure-3.1.2.jar:/Users/abdeljaouedkhelil/.m2/repository/org/springframework/boot/spring-boot-starter-logging/3.1.2/spring-boot-starter-logging-3.1.2.jar:/Users/abdeljaouedkhelil/.m2/repository/ch/qos/logback/logback-classic/1.4.8/logback-classic-1.4.8.jar:/Users/abdeljaouedkhelil/.m2/repository/ch/qos/logback/logback-core/1.4.8/logback-core-1.4.8.jar:/Users/abdeljaouedkhelil/.m2/repository/org/apache/logging/log4j/log4j-to-slf4j/2.20.0/log4j-to-slf4j-2.20.0.jar:/Users/abdeljaouedkhelil/.m2/repository/org/apache/logging/log4j/log4j-api/2.20.0/log4j-api-2.20.0.jar:/Users/abdeljaouedkhelil/.m2/repository/org/slf4j/jul-to-slf4j/2.0.7/jul-to-slf4j-2.0.7.jar:/Users/abdeljaouedkhelil/.m2/repository/jakarta/annotation/jakarta.annotation-api/2.1.1/jakarta.annotation-api-2.1.1.jar:/Users/abdeljaouedkhelil/.m2/repository/org/yaml/snakeyaml/1.33/snakeyaml-1.33.jar:/Users/abdeljaouedkhelil/.m2/repository/org/springframework/boot/spring-boot-actuator-autoconfigure/3.1.2/spring-boot-actuator-autoconfigure-3.1.2.jar:/Users/abdeljaouedkhelil/.m2/repository/org/springframework/boot/spring-boot-actuator/3.1.2/spring-boot-actuator-3.1.2.jar:/Users/abdeljaouedkhelil/.m2/repository/com/fasterxml/jackson/core/jackson-databind/2.15.2/jackson-databind-2.15.2.jar:/Users/abdeljaouedkhelil/.m2/repository/com/fasterxml/jackson/core/jackson-annotations/2.15.2/jackson-annotations-2.15.2.jar:/Users/abdeljaouedkhelil/.m2/repository/com/fasterxml/jackson/core/jackson-core/2.15.2/jackson-core-2.15.2.jar:/Users/abdeljaouedkhelil/.m2/repository/com/fasterxml/jackson/datatype/jackson-datatype-jsr310/2.15.2/jackson-datatype-jsr310-2.15.2.jar:/Users/abdeljaouedkhelil/.m2/repository/io/micrometer/micrometer-observation/1.11.2/micrometer-observation-1.11.2.jar:/Users/abdeljaouedkhelil/.m2/repository/io/micrometer/micrometer-commons/1.11.2/micrometer-commons-1.11.2.jar:/Users/abdeljaouedkhelil/.m2/repository/io/micrometer/micrometer-core/1.11.2/micrometer-core-1.11.2.jar:/Users/abdeljaouedkhelil/.m2/repository/org/hdrhistogram/HdrHistogram/2.1.12/HdrHistogram-2.1.12.jar:/Users/abdeljaouedkhelil/.m2/repository/org/latencyutils/LatencyUtils/2.0.3/LatencyUtils-2.0.3.jar:/Users/abdeljaouedkhelil/.m2/repository/org/springframework/boot/spring-boot-starter-webflux/3.1.2/spring-boot-starter-webflux-3.1.2.jar:/Users/abdeljaouedkhelil/.m2/repository/org/springframework/boot/spring-boot-starter-json/3.1.2/spring-boot-starter-json-3.1.2.jar:/Users/abdeljaouedkhelil/.m2/repository/com/fasterxml/jackson/datatype/jackson-datatype-jdk8/2.15.2/jackson-datatype-jdk8-2.15.2.jar:/Users/abdeljaouedkhelil/.m2/repository/com/fasterxml/jackson/module/jackson-module-parameter-names/2.15.2/jackson-module-parameter-names-2.15.2.jar:/Users/abdeljaouedkhelil/.m2/repository/org/springframework/boot/spring-boot-starter-reactor-netty/3.1.2/spring-boot-starter-reactor-netty-3.1.2.jar:/Users/abdeljaouedkhelil/.m2/repository/io/projectreactor/netty/reactor-netty-http/1.1.9/reactor-netty-http-1.1.9.jar:/Users/abdeljaouedkhelil/.m2/repository/io/netty/netty-codec-http/4.1.94.Final/netty-codec-http-4.1.94.Final.jar:/Users/abdeljaouedkhelil/.m2/repository/io/netty/netty-common/4.1.94.Final/netty-common-4.1.94.Final.jar:/Users/abdeljaouedkhelil/.m2/repository/io/netty/netty-buffer/4.1.94.Final/netty-buffer-4.1.94.Final.jar:/Users/abdeljaouedkhelil/.m2/repository/io/netty/netty-transport/4.1.94.Final/netty-transport-4.1.94.Final.jar:/Users/abdeljaouedkhelil/.m2/repository/io/netty/netty-codec/4.1.94.Final/netty-codec-4.1.94.Final.jar:/Users/abdeljaouedkhelil/.m2/repository/io/netty/netty-handler/4.1.94.Final/netty-handler-4.1.94.Final.jar:/Users/abdeljaouedkhelil/.m2/repository/io/netty/netty-codec-http2/4.1.94.Final/netty-codec-http2-4.1.94.Final.jar:/Users/abdeljaouedkhelil/.m2/repository/io/netty/netty-resolver-dns/4.1.94.Final/netty-resolver-dns-4.1.94.Final.jar:/Users/abdeljaouedkhelil/.m2/repository/io/netty/netty-resolver/4.1.94.Final/netty-resolver-4.1.94.Final.jar:/Users/abdeljaouedkhelil/.m2/repository/io/netty/netty-codec-dns/4.1.94.Final/netty-codec-dns-4.1.94.Final.jar:/Users/abdeljaouedkhelil/.m2/repository/io/netty/netty-resolver-dns-native-macos/4.1.94.Final/netty-resolver-dns-native-macos-4.1.94.Final-osx-x86_64.jar:/Users/abdeljaouedkhelil/.m2/repository/io/netty/netty-resolver-dns-classes-macos/4.1.94.Final/netty-resolver-dns-classes-macos-4.1.94.Final.jar:/Users/abdeljaouedkhelil/.m2/repository/io/netty/netty-transport-native-epoll/4.1.94.Final/netty-transport-native-epoll-4.1.94.Final-linux-x86_64.jar:/Users/abdeljaouedkhelil/.m2/repository/io/netty/netty-transport-native-unix-common/4.1.94.Final/netty-transport-native-unix-common-4.1.94.Final.jar:/Users/abdeljaouedkhelil/.m2/repository/io/netty/netty-transport-classes-epoll/4.1.94.Final/netty-transport-classes-epoll-4.1.94.Final.jar:/Users/abdeljaouedkhelil/.m2/repository/io/projectreactor/netty/reactor-netty-core/1.1.9/reactor-netty-core-1.1.9.jar:/Users/abdeljaouedkhelil/.m2/repository/io/netty/netty-handler-proxy/4.1.94.Final/netty-handler-proxy-4.1.94.Final.jar:/Users/abdeljaouedkhelil/.m2/repository/io/netty/netty-codec-socks/4.1.94.Final/netty-codec-socks-4.1.94.Final.jar:/Users/abdeljaouedkhelil/.m2/repository/org/springframework/spring-web/6.0.11/spring-web-6.0.11.jar:/Users/abdeljaouedkhelil/.m2/repository/org/springframework/spring-beans/6.0.11/spring-beans-6.0.11.jar:/Users/abdeljaouedkhelil/.m2/repository/org/springframework/spring-webflux/6.0.11/spring-webflux-6.0.11.jar:/Users/abdeljaouedkhelil/.m2/repository/org/springframework/boot/spring-boot-starter-test/3.1.2/spring-boot-starter-test-3.1.2.jar:/Users/abdeljaouedkhelil/.m2/repository/org/springframework/boot/spring-boot-test/3.1.2/spring-boot-test-3.1.2.jar:/Users/abdeljaouedkhelil/.m2/repository/org/springframework/boot/spring-boot-test-autoconfigure/3.1.2/spring-boot-test-autoconfigure-3.1.2.jar:/Users/abdeljaouedkhelil/.m2/repository/com/jayway/jsonpath/json-path/2.8.0/json-path-2.8.0.jar:/Users/abdeljaouedkhelil/.m2/repository/org/slf4j/slf4j-api/2.0.7/slf4j-api-2.0.7.jar:/Users/abdeljaouedkhelil/.m2/repository/jakarta/xml/bind/jakarta.xml.bind-api/4.0.0/jakarta.xml.bind-api-4.0.0.jar:/Users/abdeljaouedkhelil/.m2/repository/jakarta/activation/jakarta.activation-api/2.1.2/jakarta.activation-api-2.1.2.jar:/Users/abdeljaouedkhelil/.m2/repository/net/minidev/json-smart/2.4.11/json-smart-2.4.11.jar:/Users/abdeljaouedkhelil/.m2/repository/net/minidev/accessors-smart/2.4.11/accessors-smart-2.4.11.jar:/Users/abdeljaouedkhelil/.m2/repository/org/ow2/asm/asm/9.3/asm-9.3.jar:/Users/abdeljaouedkhelil/.m2/repository/org/assertj/assertj-core/3.24.2/assertj-core-3.24.2.jar:/Users/abdeljaouedkhelil/.m2/repository/net/bytebuddy/byte-buddy/1.14.5/byte-buddy-1.14.5.jar:/Users/abdeljaouedkhelil/.m2/repository/org/hamcrest/hamcrest/2.2/hamcrest-2.2.jar:/Users/abdeljaouedkhelil/.m2/repository/org/junit/jupiter/junit-jupiter/5.9.3/junit-jupiter-5.9.3.jar:/Users/abdeljaouedkhelil/.m2/repository/org/junit/jupiter/junit-jupiter-api/5.9.3/junit-jupiter-api-5.9.3.jar:/Users/abdeljaouedkhelil/.m2/repository/org/opentest4j/opentest4j/1.2.0/opentest4j-1.2.0.jar:/Users/abdeljaouedkhelil/.m2/repository/org/junit/platform/junit-platform-commons/1.9.3/junit-platform-commons-1.9.3.jar:/Users/abdeljaouedkhelil/.m2/repository/org/apiguardian/apiguardian-api/1.1.2/apiguardian-api-1.1.2.jar:/Users/abdeljaouedkhelil/.m2/repository/org/junit/jupiter/junit-jupiter-params/5.9.3/junit-jupiter-params-5.9.3.jar:/Users/abdeljaouedkhelil/.m2/repository/org/junit/jupiter/junit-jupiter-engine/5.9.3/junit-jupiter-engine-5.9.3.jar:/Users/abdeljaouedkhelil/.m2/repository/org/junit/platform/junit-platform-engine/1.9.3/junit-platform-engine-1.9.3.jar:/Users/abdeljaouedkhelil/.m2/repository/org/mockito/mockito-core/5.3.1/mockito-core-5.3.1.jar:/Users/abdeljaouedkhelil/.m2/repository/net/bytebuddy/byte-buddy-agent/1.14.5/byte-buddy-agent-1.14.5.jar:/Users/abdeljaouedkhelil/.m2/repository/org/objenesis/objenesis/3.3/objenesis-3.3.jar:/Users/abdeljaouedkhelil/.m2/repository/org/mockito/mockito-junit-jupiter/5.3.1/mockito-junit-jupiter-5.3.1.jar:/Users/abdeljaouedkhelil/.m2/repository/org/skyscreamer/jsonassert/1.5.1/jsonassert-1.5.1.jar:/Users/abdeljaouedkhelil/.m2/repository/com/vaadin/external/google/android-json/0.0.20131108.vaadin1/android-json-0.0.20131108.vaadin1.jar:/Users/abdeljaouedkhelil/.m2/repository/org/springframework/spring-core/6.0.11/spring-core-6.0.11.jar:/Users/abdeljaouedkhelil/.m2/repository/org/springframework/spring-jcl/6.0.11/spring-jcl-6.0.11.jar:/Users/abdeljaouedkhelil/.m2/repository/org/springframework/spring-test/6.0.11/spring-test-6.0.11.jar:/Users/abdeljaouedkhelil/.m2/repository/org/xmlunit/xmlunit-core/2.9.1/xmlunit-core-2.9.1.jar:/Users/abdeljaouedkhelil/.m2/repository/io/projectreactor/reactor-test/3.5.8/reactor-test-3.5.8.jar:/Users/abdeljaouedkhelil/.m2/repository/io/projectreactor/reactor-core/3.5.8/reactor-core-3.5.8.jar:/Users/abdeljaouedkhelil/.m2/repository/org/reactivestreams/reactive-streams/1.0.4/reactive-streams-1.0.4.jar:"/>
    <property name="sun.cpu.endian" value="little"/>
    <property name="user.home" value="/Users/abdeljaouedkhelil"/>
    <property name="user.language" value="en"/>
    <property name="java.specification.vendor" value="Oracle Corporation"/>
    <property name="java.version.date" value="2023-07-18"/>
    <property name="java.home" value="/Library/Java/JavaVirtualMachines/jdk-17.jdk/Contents/Home"/>
    <property name="file.separator" value="/"/>
    <property name="basedir" value="/Users/abdeljaouedkhelil/workspace/redhat/go/src/hack/shipwright-example/build-633/cnb-sample-java"/>
    <property name="java.vm.compressedOopsMode" value="Zero based"/>
    <property name="line.separator" value="&#10;"/>
    <property name="java.vm.specification.vendor" value="Oracle Corporation"/>
    <property name="java.specification.name" value="Java Platform API Specification"/>
    <property name="FILE_LOG_CHARSET" value="UTF-8"/>
    <property name="java.awt.headless" value="true"/>
    <property name="surefire.real.class.path" value="/Users/abdeljaouedkhelil/workspace/redhat/go/src/hack/shipwright-example/build-633/cnb-sample-java/target/surefire/surefirebooter-20230929091526746_3.jar"/>
    <property name="sun.management.compiler" value="HotSpot 64-Bit Tiered Compilers"/>
    <property name="ftp.nonProxyHosts" value="local|*.local|169.254/16|*.169.254/16"/>
    <property name="java.runtime.version" value="17.0.8+9-LTS-211"/>
    <property name="user.name" value="abdeljaouedkhelil"/>
    <property name="path.separator" value=":"/>
    <property name="os.version" value="14.0"/>
    <property name="java.runtime.name" value="Java(TM) SE Runtime Environment"/>
    <property name="file.encoding" value="UTF-8"/>
    <property name="java.vm.name" value="Java HotSpot(TM) 64-Bit Server VM"/>
    <property name="localRepository" value="/Users/abdeljaouedkhelil/.m2/repository"/>
    <property name="java.vendor.url.bug" value="https://bugreport.java.com/bugreport/"/>
    <property name="java.io.tmpdir" value="/var/folders/k0/q_q0w07d7vx8rckdbt6pc94h0000gn/T/"/>
    <property name="java.version" value="17.0.8"/>
    <property name="user.dir" value="/Users/abdeljaouedkhelil/workspace/redhat/go/src/hack/shipwright-example/build-633/cnb-sample-java"/>
    <property name="os.arch" value="x86_64"/>
    <property name="java.vm.specification.name" value="Java Virtual Machine Specification"/>
    <property name="PID" value="9928"/>
    <property name="CONSOLE_LOG_CHARSET" value="UTF-8"/>
    <property name="native.encoding" value="UTF-8"/>
    <property name="java.library.path" value="/Users/abdeljaouedkhelil/Library/Java/Extensions:/Library/Java/Extensions:/Network/Library/Java/Extensions:/System/Library/Java/Extensions:/usr/lib/java:."/>
    <property name="java.vm.info" value="mixed mode, sharing"/>
    <property name="java.vendor" value="Oracle Corporation"/>
    <property name="java.vm.version" value="17.0.8+9-LTS-211"/>
    <property name="sun.io.unicode.encoding" value="UnicodeBig"/>
    <property name="socksNonProxyHosts" value="local|*.local|169.254/16|*.169.254/16"/>
    <property name="java.class.version" value="61.0"/>
  </properties>
  <testcase name="contextLoads" classname="io.paketo.demo.DemoApplicationTests" time="0.638">
    <system-out><![CDATA[09:15:27.487 [main] INFO org.springframework.test.context.support.AnnotationConfigContextLoaderUtils -- Could not detect default configuration classes for test class [io.paketo.demo.DemoApplicationTests]: DemoApplicationTests does not declare any static, non-private, non-final, nested classes annotated with @Configuration.
09:15:27.579 [main] INFO org.springframework.boot.test.context.SpringBootTestContextBootstrapper -- Found @SpringBootConfiguration io.paketo.demo.DemoApplication for test class io.paketo.demo.DemoApplicationTests

  .   ____          _            __ _ _
 /\\ / ___'_ __ _ _(_)_ __  __ _ \ \ \ \
( ( )\___ | '_ | '_| | '_ \/ _` | \ \ \ \
 \\/  ___)| |_)| | | | | || (_| |  ) ) ) )
  '  |____| .__|_| |_|_| |_\__, | / / / /
 =========|_|==============|___/=/_/_/_/
 :: Spring Boot ::                (v3.1.2)

2023-09-29T09:15:27.872+02:00  INFO 9928 --- [           main] io.paketo.demo.DemoApplicationTests      : Starting DemoApplicationTests using Java 17.0.8 with PID 9928 (started by abdeljaouedkhelil in /Users/abdeljaouedkhelil/workspace/redhat/go/src/hack/shipwright-example/build-633/cnb-sample-java)
2023-09-29T09:15:27.874+02:00  INFO 9928 --- [           main] io.paketo.demo.DemoApplicationTests      : No active profile set, falling back to 1 default profile: "default"
2023-09-29T09:15:28.740+02:00  INFO 9928 --- [           main] o.s.b.a.e.web.EndpointLinksResolver      : Exposing 1 endpoint(s) beneath base path '/actuator'
2023-09-29T09:15:28.945+02:00  INFO 9928 --- [           main] io.paketo.demo.DemoApplicationTests      : Started DemoApplicationTests in 1.262 seconds (process running for 2.082)
]]></system-out>
  </testcase>
</testsuite>